INFO:root:Application Started
INFO:tornado.access:200 GET / (::1) 46.26ms
INFO:tornado.access:200 GET /static/css/bootstrap.min.css?v=e8c5daf01eae68ed7c1e277a6e544c7ad108a0fa877fb531d6d9f2210769b7da88e4e002c7b0be3b72154ebf7cbf01a795c8342ce2dad368bd6351e956195f8b (::1) 195.43ms
INFO:tornado.access:200 GET /static/css/style.css?v=f6197744f9cd514785352e4963bf5785f65518e521cd4419dbf266f2f3c5a011493ee76dd7f539ded03b6350998f004e87aa9ecee209236f7c0246db653edaac (::1) 0.00ms
INFO:tornado.access:200 GET /static/js/jquery.min.js?v=53a2b560b20551672fbb0e6e72632d4fd1c7e2dd2ecf7337ebaaab179cb8be7c87e9d803ce7765706bc7fcbcf993c34587cd1237de5a279aea19911d69067b65 (::1) 0.00ms
INFO:tornado.access:200 GET /static/js/bootstrap.min.js?v=8b3b64a1bb2f9e329f02d4cd7479065630184ebaed942ee61a9ff9e1ce34c28c0eecb854458977815cf3704a8697fa8a5d096d2761f032b74b70d51da3e37f45 (::1) 8.00ms
INFO:tornado.access:200 GET /static/css/react-resizable-styles.css?v=a5ba57f67c45b93ccf0e85aee677363a9267ca450452524278aa2538934caa2d425b3ad9de535608f5983729ff25fb9edc98b796cd639d6e4633e5d688c59309 (::1) 8.00ms
INFO:tornado.access:200 GET /static/css/react-grid-layout-styles.css?v=088afb33aca5476eb6b9bac95c72316c59771cea8c53b9f4c6429bb3b0ae728e6518b45e83855af2e213f9e734959da931f042142fe62aec80b6c0e0bcb7017f (::1) 8.00ms
INFO:tornado.access:200 GET /static/js/react-react.min.js?v=52fa608d7e6bb1982d7ba2364e0dd363219f5733177cc2794330878e79ba97bcf5d01a09f23183ff948745c92da50d60d8c8daf406832720f3912bc85fe232f3 (::1) 15.99ms
INFO:tornado.access:200 GET /static/js/react-dom.min.js?v=57dfe873909119995858f3727fc88b77c35ae618be1158910bbe1128c4b2d1407e047dd903724452c6d087793f485dda3ca6e93485298817ae8eccf219bffa6b (::1) 7.03ms
INFO:tornado.access:200 GET /static/js/layout_bin_packer.js?v=bd0a340e63783f93e70652b477fea0efcb7550c7aa9ddae85e51a6e1a3ca94230cf7661f2fc067a612a3467662cd0ae4af99ef1134afe7768fe02ffa678f1e0a (::1) 7.03ms
INFO:tornado.access:200 GET /static/js/mathjax/2.7.5/MathJax.js?v=d1da1cf612b14773d8c2ca38d910f5a79c92669cf3b8388ec0cadd08487659d2590a372614a73fc049cbfb3f1f050ae71e888d59ba3eddf88690e61705d429e0 (::1) 0.00ms
INFO:tornado.access:200 GET /static/js/mathjax/2.7.5/config/TeX-AMS-MML_HTMLorMML.js?v=7957886bc10b0642fb0ed11026272430ef9aa044702d6ebb5307e376e97a880afda24488eb53f530c574b44dc247909e51aecc3bb7a66b938187bbd2e0397cd0 (::1) 9.36ms
INFO:tornado.access:200 GET /static/js/plotly-plotly.min.js?v=a1dc7238e3b0a448184274be4f317f3f7dcef837c6346ab287cf6927fbb669d761330f5921e7f733c6b0fe8b584a0b0fc4b7598b71d086523d2225f71f94b1a4 (::1) 33.34ms
INFO:tornado.access:200 GET /static/js/main.js?v=be25fdd7c09f3fcce8bde3406ced320fe2293dcb85e9233fd03394578d723b8fe5659aa1d379cca14473082d5d963775c8f073dbf7023ab1a9c25f9bdecc2d65 (::1) 11.27ms
INFO:tornado.access:101 GET /socket (::1) 0.00ms
INFO:root:Opened new socket from ip: ::1
INFO:tornado.access:200 GET /static/fonts/glyphicons-halflings-regular.woff2 (::1) 7.99ms
INFO:tornado.access:200 POST /env/main (::1) 0.00ms
INFO:tornado.access:200 GET /favicon.png (::1) 15.99ms
INFO:tornado.access:200 POST /env/main (::1) 15.99ms
INFO:tornado.access:200 POST /env/main (::1) 8.97ms
INFO:tornado.access:101 GET /vis_socket (::1) 0.00ms
INFO:root:Opened visdom socket from ip: ::1
INFO:tornado.access:200 POST /env/main (::1) 0.00ms
INFO:tornado.access:101 GET /vis_socket (::1) 0.00ms
INFO:root:Opened visdom socket from ip: ::1
INFO:tornado.access:200 POST /env/main (::1) 0.00ms
INFO:tornado.access:101 GET /vis_socket (::1) 0.00ms
INFO:root:Opened visdom socket from ip: ::1
INFO:tornado.access:200 POST /env/main (::1) 0.00ms
INFO:tornado.access:101 GET /vis_socket (::1) 0.00ms
INFO:root:Opened visdom socket from ip: ::1
INFO:tornado.access:200 POST /close (::1) 0.00ms
INFO:root:from web client: {"cmd":"close","data":"Progress","eid":"main"}
INFO:root:closing window Progress
INFO:tornado.access:200 POST /win_exists (::1) 0.00ms
INFO:tornado.access:200 POST /events (::1) 0.00ms
INFO:tornado.access:200 POST /events (::1) 0.00ms
INFO:tornado.access:200 POST /win_exists (::1) 0.00ms
INFO:tornado.access:200 POST /update (::1) 0.00ms
INFO:tornado.access:200 POST /events (::1) 0.00ms
INFO:tornado.access:200 POST /win_exists (::1) 0.00ms
INFO:tornado.access:200 POST /update (::1) 0.00ms
INFO:tornado.access:200 POST /events (::1) 0.00ms
INFO:tornado.access:200 POST /win_exists (::1) 0.00ms
INFO:tornado.access:200 POST /update (::1) 0.00ms
INFO:tornado.access:200 POST /events (::1) 0.00ms
INFO:tornado.access:200 POST /win_exists (::1) 0.00ms
INFO:tornado.access:200 POST /update (::1) 0.00ms
INFO:tornado.access:200 POST /events (::1) 0.00ms
INFO:tornado.access:200 POST /win_exists (::1) 0.00ms
INFO:tornado.access:200 POST /update (::1) 0.00ms
INFO:tornado.access:200 POST /events (::1) 0.00ms
INFO:tornado.access:200 POST /win_exists (::1) 0.00ms
INFO:tornado.access:200 POST /update (::1) 7.99ms
INFO:tornado.access:200 POST /events (::1) 0.00ms
INFO:tornado.access:200 POST /win_exists (::1) 0.00ms
INFO:tornado.access:200 POST /update (::1) 15.11ms
INFO:tornado.access:200 POST /events (::1) 0.00ms
INFO:tornado.access:200 POST /win_exists (::1) 0.00ms
INFO:tornado.access:200 POST /update (::1) 8.03ms
INFO:tornado.access:200 POST /events (::1) 0.00ms
INFO:tornado.access:200 POST /win_exists (::1) 1.05ms
INFO:tornado.access:200 POST /update (::1) 6.26ms
INFO:tornado.access:200 POST /events (::1) 1.05ms
INFO:tornado.access:200 POST /win_exists (::1) 0.00ms
INFO:tornado.access:200 POST /update (::1) 0.00ms
INFO:tornado.access:200 POST /events (::1) 0.00ms
INFO:tornado.access:200 POST /win_exists (::1) 0.00ms
INFO:tornado.access:200 POST /update (::1) 0.00ms
INFO:tornado.access:200 POST /events (::1) 0.00ms
INFO:tornado.access:200 POST /win_exists (::1) 0.00ms
INFO:tornado.access:200 POST /update (::1) 8.00ms
INFO:tornado.access:200 POST /events (::1) 0.00ms
INFO:tornado.access:200 POST /win_exists (::1) 0.00ms
INFO:tornado.access:200 POST /update (::1) 10.05ms
INFO:tornado.access:200 POST /events (::1) 0.00ms
INFO:tornado.access:200 POST /win_exists (::1) 0.00ms
INFO:tornado.access:200 POST /update (::1) 4.72ms
INFO:tornado.access:200 POST /events (::1) 0.00ms
INFO:tornado.access:200 POST /win_exists (::1) 0.00ms
INFO:tornado.access:200 POST /update (::1) 4.52ms
INFO:tornado.access:200 POST /events (::1) 0.00ms
INFO:tornado.access:200 POST /win_exists (::1) 0.00ms
INFO:tornado.access:200 POST /update (::1) 8.00ms
INFO:tornado.access:200 POST /events (::1) 0.00ms
INFO:tornado.access:200 POST /win_exists (::1) 0.00ms
INFO:tornado.access:200 POST /update (::1) 7.99ms
INFO:tornado.access:200 POST /events (::1) 0.00ms
INFO:tornado.access:200 POST /win_exists (::1) 0.00ms
INFO:tornado.access:200 POST /update (::1) 8.00ms
INFO:tornado.access:200 POST /events (::1) 9.32ms
INFO:tornado.access:200 POST /win_exists (::1) 0.00ms
INFO:tornado.access:200 POST /update (::1) 7.99ms
INFO:tornado.access:200 POST /events (::1) 0.00ms
INFO:tornado.access:200 POST /win_exists (::1) 0.00ms
INFO:tornado.access:200 POST /update (::1) 7.99ms
INFO:tornado.access:200 POST /events (::1) 0.00ms
INFO:tornado.access:200 POST /win_exists (::1) 0.00ms
INFO:tornado.access:200 POST /update (::1) 15.99ms
INFO:tornado.access:200 POST /events (::1) 5.01ms
INFO:tornado.access:200 POST /win_exists (::1) 0.00ms
INFO:tornado.access:200 POST /update (::1) 9.62ms
INFO:tornado.access:200 POST /events (::1) 0.00ms
INFO:tornado.access:200 POST /win_exists (::1) 0.00ms
INFO:tornado.access:200 POST /update (::1) 10.05ms
INFO:tornado.access:200 POST /events (::1) 8.01ms
INFO:tornado.access:200 POST /win_exists (::1) 0.00ms
INFO:tornado.access:200 POST /update (::1) 7.99ms
INFO:tornado.access:200 POST /events (::1) 9.18ms
INFO:tornado.access:200 POST /win_exists (::1) 0.00ms
INFO:tornado.access:200 POST /update (::1) 7.98ms
INFO:tornado.access:200 POST /events (::1) 7.99ms
INFO:tornado.access:200 POST /win_exists (::1) 0.00ms
INFO:tornado.access:200 POST /update (::1) 10.01ms
INFO:tornado.access:200 POST /events (::1) 2.56ms
INFO:tornado.access:200 POST /win_exists (::1) 0.00ms
INFO:tornado.access:200 POST /update (::1) 0.00ms
INFO:tornado.access:200 POST /events (::1) 0.00ms
INFO:tornado.access:200 POST /win_exists (::1) 0.00ms
INFO:tornado.access:200 POST /update (::1) 7.99ms
INFO:tornado.access:200 POST /events (::1) 0.00ms
INFO:tornado.access:200 POST /win_exists (::1) 0.00ms
INFO:tornado.access:200 POST /update (::1) 8.00ms
INFO:tornado.access:200 POST /events (::1) 0.00ms
INFO:tornado.access:200 POST /win_exists (::1) 0.00ms
INFO:tornado.access:200 POST /update (::1) 8.86ms
INFO:tornado.access:200 POST /events (::1) 0.00ms
INFO:tornado.access:200 POST /win_exists (::1) 0.00ms
INFO:tornado.access:200 POST /update (::1) 14.56ms
INFO:tornado.access:200 POST /events (::1) 10.06ms
INFO:tornado.access:200 POST /win_exists (::1) 0.00ms
INFO:tornado.access:200 POST /update (::1) 9.19ms
INFO:tornado.access:200 POST /events (::1) 9.98ms
INFO:tornado.access:200 POST /win_exists (::1) 0.00ms
INFO:tornado.access:200 POST /update (::1) 0.00ms
INFO:tornado.access:200 POST /events (::1) 0.00ms
INFO:tornado.access:200 POST /win_exists (::1) 0.00ms
INFO:tornado.access:200 POST /update (::1) 8.00ms
INFO:tornado.access:200 POST /events (::1) 0.00ms
INFO:tornado.access:200 POST /win_exists (::1) 0.00ms
INFO:tornado.access:200 POST /update (::1) 14.99ms
INFO:tornado.access:200 POST /events (::1) 0.00ms
INFO:tornado.access:200 POST /win_exists (::1) 0.00ms
INFO:tornado.access:200 POST /update (::1) 15.99ms
INFO:tornado.access:200 POST /events (::1) 0.00ms
INFO:tornado.access:200 POST /win_exists (::1) 0.00ms
INFO:tornado.access:200 POST /update (::1) 17.00ms
INFO:tornado.access:200 POST /events (::1) 0.00ms
INFO:tornado.access:200 POST /win_exists (::1) 0.00ms
INFO:tornado.access:200 POST /update (::1) 16.00ms
INFO:tornado.access:200 POST /events (::1) 5.02ms
INFO:tornado.access:200 POST /win_exists (::1) 0.00ms
INFO:tornado.access:200 POST /update (::1) 8.86ms
INFO:tornado.access:200 POST /events (::1) 8.94ms
INFO:tornado.access:200 POST /win_exists (::1) 0.00ms
INFO:tornado.access:200 POST /update (::1) 8.88ms
INFO:tornado.access:200 POST /events (::1) 5.01ms
INFO:tornado.access:200 POST /win_exists (::1) 0.00ms
INFO:tornado.access:200 POST /update (::1) 15.96ms
INFO:tornado.access:200 POST /events (::1) 0.00ms
INFO:tornado.access:200 POST /win_exists (::1) 0.00ms
INFO:tornado.access:200 POST /update (::1) 6.09ms
INFO:tornado.access:200 POST /events (::1) 0.00ms
INFO:tornado.access:200 POST /win_exists (::1) 0.00ms
INFO:tornado.access:200 POST /update (::1) 15.99ms
INFO:tornado.access:200 POST /events (::1) 0.00ms
INFO:tornado.access:200 POST /win_exists (::1) 0.00ms
INFO:tornado.access:200 POST /update (::1) 18.80ms
INFO:tornado.access:200 POST /events (::1) 8.00ms
INFO:tornado.access:200 POST /win_exists (::1) 0.00ms
INFO:tornado.access:200 POST /update (::1) 15.95ms
INFO:tornado.access:200 POST /events (::1) 0.00ms
INFO:tornado.access:200 POST /win_exists (::1) 0.00ms
INFO:tornado.access:200 POST /update (::1) 7.99ms
INFO:tornado.access:200 POST /events (::1) 0.00ms
INFO:tornado.access:200 POST /win_exists (::1) 0.00ms
INFO:tornado.access:200 POST /update (::1) 15.97ms
INFO:tornado.access:200 POST /events (::1) 7.97ms
INFO:tornado.access:200 POST /win_exists (::1) 0.00ms
INFO:tornado.access:200 POST /update (::1) 15.99ms
INFO:tornado.access:200 POST /events (::1) 0.00ms
INFO:tornado.access:200 POST /win_exists (::1) 0.00ms
INFO:tornado.access:200 POST /update (::1) 15.99ms
INFO:tornado.access:200 POST /events (::1) 12.18ms
INFO:tornado.access:200 POST /env/main (::1) 0.00ms
INFO:tornado.access:101 GET /vis_socket (::1) 0.00ms
INFO:root:Opened visdom socket from ip: ::1
INFO:tornado.access:200 POST /close (::1) 0.00ms
INFO:root:from web client: {"cmd":"close","data":"Progress","eid":"main"}
INFO:root:closing window Progress
INFO:tornado.access:200 POST /win_exists (::1) 0.00ms
INFO:tornado.access:200 POST /events (::1) 0.00ms
INFO:tornado.access:200 POST /events (::1) 0.00ms
INFO:tornado.access:200 POST /win_exists (::1) 0.00ms
INFO:tornado.access:200 POST /update (::1) 0.00ms
INFO:tornado.access:200 POST /events (::1) 0.00ms
INFO:tornado.access:200 POST /win_exists (::1) 0.00ms
INFO:tornado.access:200 POST /update (::1) 0.00ms
INFO:tornado.access:200 POST /events (::1) 0.00ms
INFO:tornado.access:200 POST /win_exists (::1) 0.00ms
INFO:tornado.access:200 POST /update (::1) 0.00ms
INFO:tornado.access:200 POST /events (::1) 0.00ms
INFO:tornado.access:200 POST /win_exists (::1) 0.00ms
INFO:tornado.access:200 POST /update (::1) 0.00ms
INFO:tornado.access:200 POST /events (::1) 0.00ms
INFO:tornado.access:200 POST /win_exists (::1) 0.00ms
INFO:tornado.access:200 POST /update (::1) 0.00ms
INFO:tornado.access:200 POST /events (::1) 0.00ms
INFO:tornado.access:200 POST /win_exists (::1) 0.00ms
INFO:tornado.access:200 POST /update (::1) 9.24ms
INFO:tornado.access:200 POST /events (::1) 0.00ms
INFO:tornado.access:200 POST /win_exists (::1) 0.00ms
INFO:tornado.access:200 POST /update (::1) 0.00ms
INFO:tornado.access:200 POST /events (::1) 0.00ms
INFO:tornado.access:200 POST /win_exists (::1) 0.00ms
INFO:tornado.access:200 POST /update (::1) 0.00ms
INFO:tornado.access:200 POST /events (::1) 9.11ms
INFO:tornado.access:200 POST /win_exists (::1) 0.00ms
INFO:tornado.access:200 POST /update (::1) 8.96ms
INFO:tornado.access:200 POST /events (::1) 0.00ms
INFO:tornado.access:200 POST /win_exists (::1) 0.00ms
INFO:tornado.access:200 POST /update (::1) 8.63ms
INFO:tornado.access:200 POST /events (::1) 0.00ms
INFO:tornado.access:200 POST /win_exists (::1) 0.00ms
INFO:tornado.access:200 POST /update (::1) 0.00ms
INFO:tornado.access:200 POST /events (::1) 0.00ms
INFO:tornado.access:200 POST /win_exists (::1) 0.00ms
INFO:tornado.access:200 POST /update (::1) 8.82ms
INFO:tornado.access:200 POST /events (::1) 0.00ms
INFO:tornado.access:200 POST /win_exists (::1) 0.00ms
INFO:tornado.access:200 POST /update (::1) 10.79ms
INFO:tornado.access:200 POST /events (::1) 7.96ms
INFO:tornado.access:200 POST /win_exists (::1) 0.00ms
INFO:tornado.access:200 POST /update (::1) 8.97ms
INFO:tornado.access:200 POST /events (::1) 5.09ms
INFO:tornado.access:200 POST /win_exists (::1) 0.00ms
INFO:tornado.access:200 POST /update (::1) 11.32ms
INFO:tornado.access:200 POST /events (::1) 0.00ms
INFO:tornado.access:200 POST /win_exists (::1) 0.00ms
INFO:tornado.access:200 POST /update (::1) 7.99ms
INFO:tornado.access:200 POST /events (::1) 0.00ms
INFO:tornado.access:200 POST /win_exists (::1) 0.00ms
INFO:tornado.access:200 POST /update (::1) 11.43ms
INFO:tornado.access:200 POST /events (::1) 0.00ms
INFO:tornado.access:200 POST /win_exists (::1) 0.00ms
INFO:tornado.access:200 POST /update (::1) 8.00ms
INFO:tornado.access:200 POST /events (::1) 5.07ms
INFO:tornado.access:200 POST /win_exists (::1) 0.00ms
INFO:tornado.access:200 POST /update (::1) 10.13ms
INFO:tornado.access:200 POST /events (::1) 0.00ms
INFO:tornado.access:200 POST /win_exists (::1) 0.00ms
INFO:tornado.access:200 POST /update (::1) 16.79ms
INFO:tornado.access:200 POST /events (::1) 0.00ms
INFO:tornado.access:200 POST /win_exists (::1) 0.00ms
INFO:tornado.access:200 POST /update (::1) 8.03ms
INFO:tornado.access:200 POST /events (::1) 0.00ms
INFO:tornado.access:200 POST /win_exists (::1) 0.61ms
INFO:tornado.access:200 POST /update (::1) 9.68ms
INFO:tornado.access:200 POST /events (::1) 0.00ms
INFO:tornado.access:200 POST /win_exists (::1) 0.00ms
INFO:tornado.access:200 POST /update (::1) 14.95ms
INFO:tornado.access:200 POST /events (::1) 0.00ms
INFO:tornado.access:200 POST /win_exists (::1) 0.00ms
INFO:tornado.access:200 POST /update (::1) 12.14ms
INFO:tornado.access:200 POST /events (::1) 0.00ms
INFO:tornado.access:200 POST /win_exists (::1) 0.00ms
INFO:tornado.access:200 POST /update (::1) 11.14ms
INFO:tornado.access:200 POST /events (::1) 0.00ms
INFO:tornado.access:200 POST /win_exists (::1) 0.00ms
INFO:tornado.access:200 POST /update (::1) 9.89ms
INFO:tornado.access:200 POST /events (::1) 0.00ms
INFO:tornado.access:200 POST /win_exists (::1) 0.00ms
INFO:tornado.access:200 POST /update (::1) 14.93ms
INFO:tornado.access:200 POST /events (::1) 0.00ms
INFO:tornado.access:200 POST /win_exists (::1) 0.00ms
INFO:tornado.access:200 POST /update (::1) 15.02ms
INFO:tornado.access:200 POST /events (::1) 0.00ms
INFO:tornado.access:200 POST /win_exists (::1) 0.00ms
INFO:tornado.access:200 POST /update (::1) 15.79ms
INFO:tornado.access:200 POST /events (::1) 7.05ms
INFO:tornado.access:200 POST /win_exists (::1) 0.00ms
INFO:tornado.access:200 POST /update (::1) 13.29ms
INFO:tornado.access:200 POST /events (::1) 4.02ms
INFO:tornado.access:200 POST /win_exists (::1) 0.00ms
INFO:tornado.access:200 POST /update (::1) 15.99ms
INFO:tornado.access:200 POST /events (::1) 8.79ms
INFO:tornado.access:200 POST /win_exists (::1) 0.00ms
INFO:tornado.access:200 POST /update (::1) 13.29ms
INFO:tornado.access:200 POST /events (::1) 7.60ms
INFO:tornado.access:200 POST /win_exists (::1) 0.00ms
INFO:tornado.access:200 POST /update (::1) 12.16ms
INFO:tornado.access:200 POST /events (::1) 6.11ms
INFO:tornado.access:200 POST /win_exists (::1) 0.00ms
INFO:tornado.access:200 POST /update (::1) 8.00ms
INFO:tornado.access:200 POST /events (::1) 0.00ms
INFO:tornado.access:200 POST /win_exists (::1) 0.00ms
INFO:tornado.access:200 POST /update (::1) 15.99ms
INFO:tornado.access:200 POST /events (::1) 0.00ms
INFO:tornado.access:200 POST /win_exists (::1) 0.00ms
INFO:tornado.access:200 POST /update (::1) 15.99ms
INFO:tornado.access:200 POST /events (::1) 0.00ms
INFO:tornado.access:200 POST /win_exists (::1) 0.00ms
INFO:tornado.access:200 POST /update (::1) 19.56ms
INFO:tornado.access:200 POST /events (::1) 0.00ms
INFO:tornado.access:200 POST /win_exists (::1) 0.00ms
INFO:tornado.access:200 POST /update (::1) 15.99ms
INFO:tornado.access:200 POST /events (::1) 9.23ms
INFO:tornado.access:200 POST /win_exists (::1) 0.00ms
INFO:tornado.access:200 POST /update (::1) 15.99ms
INFO:tornado.access:200 POST /events (::1) 8.90ms
INFO:tornado.access:200 POST /win_exists (::1) 0.00ms
INFO:tornado.access:200 POST /update (::1) 21.83ms
INFO:tornado.access:200 POST /events (::1) 0.00ms
INFO:tornado.access:200 POST /win_exists (::1) 0.00ms
INFO:tornado.access:200 POST /update (::1) 23.01ms
INFO:tornado.access:200 POST /events (::1) 0.00ms
INFO:tornado.access:200 POST /win_exists (::1) 0.00ms
INFO:tornado.access:200 POST /update (::1) 29.01ms
INFO:tornado.access:200 POST /events (::1) 0.00ms
INFO:tornado.access:200 POST /win_exists (::1) 0.00ms
INFO:tornado.access:200 POST /update (::1) 19.05ms
INFO:tornado.access:200 POST /events (::1) 0.00ms
INFO:tornado.access:200 POST /win_exists (::1) 0.00ms
INFO:tornado.access:200 POST /update (::1) 19.95ms
INFO:tornado.access:200 POST /events (::1) 0.00ms
INFO:tornado.access:200 POST /win_exists (::1) 0.00ms
INFO:tornado.access:200 POST /update (::1) 20.11ms
INFO:tornado.access:200 POST /events (::1) 0.00ms
INFO:tornado.access:200 POST /win_exists (::1) 0.00ms
INFO:tornado.access:200 POST /update (::1) 20.65ms
INFO:tornado.access:200 POST /events (::1) 0.00ms
INFO:tornado.access:200 POST /win_exists (::1) 0.00ms
INFO:tornado.access:200 POST /update (::1) 25.00ms
INFO:tornado.access:200 POST /events (::1) 5.06ms
INFO:tornado.access:200 POST /win_exists (::1) 0.00ms
INFO:tornado.access:200 POST /update (::1) 17.41ms
INFO:tornado.access:200 POST /events (::1) 5.08ms
INFO:root:from web client: {"cmd":"layout_item_update","eid":"main","win":"Progress","data":{"i":"Progress","h":34,"w":51,"x":49.72608125819135,"y":0,"moved":false,"static":false}}
INFO:tornado.access:200 POST /win_exists (::1) 0.00ms
INFO:tornado.access:200 POST /update (::1) 23.97ms
INFO:tornado.access:200 POST /events (::1) 0.00ms
INFO:root:from web client: {"cmd":"layout_item_update","eid":"main","win":"Progress","data":{"i":"Progress","h":41,"w":58,"x":49.72608125819135,"y":0,"moved":false,"static":false}}
^C